<?xml version="1.0" encoding="UTF-8"?>
<!-- Generated by org.testng.reporters.JUnitXMLReporter -->
<testsuite ignored="0" hostname="LAPTOP-URC0MPI4" failures="4" tests="8" name="Test" time="2.183" errors="0" timestamp="2024-05-18T12:48:09 IST">
  <testcase classname="com.testcases.TestCases" name="mainTest" time="0.806">
    <failure type="java.io.FileNotFoundException" message=".\src\test\java\com\resources\Global.properties (The system cannot find the file specified)">
      <![CDATA[java.io.FileNotFoundException: .\src\test\java\com\resources\Global.properties (The system cannot find the file specified)
at java.base/java.io.FileInputStream.open0(Native Method)
at java.base/java.io.FileInputStream.open(FileInputStream.java:216)
at java.base/java.io.FileInputStream.<init>(FileInputStream.java:157)
at java.base/java.io.FileInputStream.<init>(FileInputStream.java:111)
at com.Utilites.BaseUtilites.getGlobalProp(BaseUtilites.java:40)
at com.Utilites.BaseUtilites.requestSpecification(BaseUtilites.java:29)
at com.testcases.TestCases.createData(TestCases.java:36)
at com.testcases.TestCases.mainTest(TestCases.java:27)
at java.base/java.util.ArrayList.forEach(ArrayList.java:1511)
... Removed 25 stack frames]]>
    </failure>
  </testcase> <!-- mainTest -->
  <testcase classname="com.testcases.TestCases" name="mainTest" time="0.005">
    <failure type="java.io.FileNotFoundException" message=".\src\test\java\com\resources\Global.properties (The system cannot find the file specified)">
      <![CDATA[java.io.FileNotFoundException: .\src\test\java\com\resources\Global.properties (The system cannot find the file specified)
at java.base/java.io.FileInputStream.open0(Native Method)
at java.base/java.io.FileInputStream.open(FileInputStream.java:216)
at java.base/java.io.FileInputStream.<init>(FileInputStream.java:157)
at java.base/java.io.FileInputStream.<init>(FileInputStream.java:111)
at com.Utilites.BaseUtilites.getGlobalProp(BaseUtilites.java:40)
at com.Utilites.BaseUtilites.requestSpecification(BaseUtilites.java:29)
at com.testcases.TestCases.createData(TestCases.java:36)
at com.testcases.TestCases.mainTest(TestCases.java:27)
at java.base/java.util.ArrayList.forEach(ArrayList.java:1511)
... Removed 25 stack frames]]>
    </failure>
  </testcase> <!-- mainTest -->
  <testcase classname="com.testcases.TestCases" name="mainTest" time="0.004">
    <failure type="java.io.FileNotFoundException" message=".\src\test\java\com\resources\Global.properties (The system cannot find the file specified)">
      <![CDATA[java.io.FileNotFoundException: .\src\test\java\com\resources\Global.properties (The system cannot find the file specified)
at java.base/java.io.FileInputStream.open0(Native Method)
at java.base/java.io.FileInputStream.open(FileInputStream.java:216)
at java.base/java.io.FileInputStream.<init>(FileInputStream.java:157)
at java.base/java.io.FileInputStream.<init>(FileInputStream.java:111)
at com.Utilites.BaseUtilites.getGlobalProp(BaseUtilites.java:40)
at com.Utilites.BaseUtilites.requestSpecification(BaseUtilites.java:29)
at com.testcases.TestCases.createData(TestCases.java:36)
at com.testcases.TestCases.mainTest(TestCases.java:27)
at java.base/java.util.ArrayList.forEach(ArrayList.java:1511)
... Removed 25 stack frames]]>
    </failure>
  </testcase> <!-- mainTest -->
  <testcase classname="com.testcases.TestCases2" name="createLocation" time="0.005">
    <failure type="java.io.FileNotFoundException" message=".\src\test\java\com\resources\Global.properties (The system cannot find the file specified)">
      <![CDATA[java.io.FileNotFoundException: .\src\test\java\com\resources\Global.properties (The system cannot find the file specified)
at java.base/java.io.FileInputStream.open0(Native Method)
at java.base/java.io.FileInputStream.open(FileInputStream.java:216)
at java.base/java.io.FileInputStream.<init>(FileInputStream.java:157)
at java.base/java.io.FileInputStream.<init>(FileInputStream.java:111)
at com.Utilites.BaseUtilites.getGlobalProp(BaseUtilites.java:40)
at com.Utilites.BaseUtilites.requestSpecification(BaseUtilites.java:29)
at com.testcases.TestCases2.createLocation(TestCases2.java:36)
at java.base/java.util.ArrayList.forEach(ArrayList.java:1511)
... Removed 25 stack frames]]>
    </failure>
  </testcase> <!-- createLocation -->
  <testcase classname="com.testcases.TestCases2" name="createCharacter" time="0.0">
    <skipped/>
  </testcase> <!-- createCharacter -->
  <testcase classname="com.testcases.TestCases2" name="createEpisode" time="0.0">
    <skipped/>
  </testcase> <!-- createEpisode -->
  <testcase classname="com.testcases.TestCases2" name="getGraphQLData" time="0.0">
    <skipped/>
  </testcase> <!-- getGraphQLData -->
  <testcase classname="com.testcases.TestCases2" name="deleteData" time="0.0">
    <skipped/>
  </testcase> <!-- deleteData -->
</testsuite> <!-- Test -->
