<?xml version="1.0" encoding="UTF-8"?>
<!-- Generated by org.testng.reporters.JUnitXMLReporter -->
<testsuite ignored="0" hostname="LAPTOP-URC0MPI4" failures="0" tests="5" name="Default test" time="5.905" errors="0" timestamp="2023-10-07T17:26:53 IST">
  <testcase classname="com.testcases.TestCases2" name="createLocation" time="3.083"/>
  <testcase classname="com.testcases.TestCases2" name="createCharacter" time="0.435"/>
  <testcase classname="com.testcases.TestCases2" name="createEpisode" time="0.416"/>
  <testcase classname="com.testcases.TestCases2" name="getGraphQLData" time="0.586"/>
  <testcase classname="com.testcases.TestCases2" name="deleteData" time="0.24"/>
</testsuite> <!-- Default test -->
